2024-05-23 23:02:04 INFO     Started
2024-05-23 23:02:09 INFO     Opening Website
2024-05-23 23:02:14 INFO     Searching search-button
2024-05-23 23:02:14 INFO     Waiting input to write search
2024-05-23 23:02:14 INFO     Writing input
2024-05-23 23:02:14 INFO     Doing the search
2024-05-23 23:02:14 INFO     Waiting the search
2024-05-23 23:02:23 INFO     Catching the information
2024-05-23 23:02:23 INFO     importing information
2024-05-23 23:02:25 INFO     Duration: 21.089616
2024-05-23 23:02:25 INFO     Finished
2024-05-23 23:03:54 INFO     Started
2024-05-23 23:03:58 INFO     Opening Website
2024-05-23 23:04:02 INFO     Searching search-button
2024-05-23 23:04:02 INFO     Waiting input to write search
2024-05-23 23:04:02 INFO     Writing input
2024-05-23 23:04:03 INFO     Doing the search
2024-05-23 23:04:03 INFO     Waiting the search
2024-05-23 23:04:13 INFO     Catching the information
2024-05-23 23:04:13 INFO     importing information
2024-05-23 23:04:15 INFO     Duration: 21.388140
2024-05-23 23:04:15 INFO     Finished
2024-05-23 23:14:16 INFO     Started
2024-05-23 23:14:21 INFO     Opening Website
2024-05-23 23:14:35 INFO     Searching search-button
2024-05-23 23:14:35 INFO     Waiting input to write search
2024-05-23 23:14:35 INFO     Writing input
2024-05-23 23:14:35 INFO     Doing the search
2024-05-23 23:14:35 INFO     Waiting the search
2024-05-23 23:16:08 INFO     Started
2024-05-23 23:16:12 INFO     Opening Website
2024-05-23 23:16:16 INFO     Searching search-button
2024-05-23 23:16:16 INFO     Waiting input to write search
2024-05-23 23:16:17 INFO     Writing input
2024-05-23 23:16:17 INFO     Doing the search
2024-05-23 23:16:17 INFO     Waiting the search
2024-05-23 23:16:24 INFO     Catching the information
2024-05-23 23:16:25 INFO     importing information
2024-05-23 23:16:27 INFO     Duration: 19.156395
2024-05-23 23:16:27 INFO     Finished
2024-05-23 23:17:53 INFO     Started
2024-05-23 23:17:58 INFO     Opening Website
2024-05-23 23:18:01 INFO     Searching search-button
2024-05-23 23:18:01 INFO     Waiting input to write search
2024-05-23 23:18:02 INFO     Writing input
2024-05-23 23:18:02 INFO     Doing the search
2024-05-23 23:18:02 INFO     Waiting the search
2024-05-23 23:18:13 INFO     Catching the information
2024-05-23 23:18:13 INFO     importing information
2024-05-23 23:18:15 INFO     Duration: 22.091205
2024-05-23 23:18:15 INFO     Finished
2024-05-23 23:21:04 INFO     Started
2024-05-23 23:21:09 INFO     Opening Website
2024-05-23 23:21:09 INFO     Searching search-button
2024-05-23 23:21:13 INFO     Waiting input to write search
2024-05-23 23:21:14 INFO     Writing input
2024-05-23 23:21:14 INFO     Doing the search
2024-05-23 23:21:14 INFO     Waiting the search
2024-05-23 23:21:23 INFO     Catching the information
2024-05-23 23:21:23 INFO     importing information
2024-05-23 23:21:25 INFO     Duration: 21.271472
2024-05-23 23:21:25 INFO     Finished
2024-05-23 23:27:02 INFO     Started
2024-05-23 23:27:07 INFO     Opening Website
2024-05-23 23:27:12 INFO     Searching search-button
2024-05-23 23:27:12 INFO     Waiting input to write search
2024-05-23 23:27:13 INFO     Writing input
2024-05-23 23:27:13 INFO     Doing the search
2024-05-23 23:27:13 INFO     Waiting the search
2024-05-23 23:27:25 INFO     Catching the information
2024-05-23 23:27:42 INFO     Started
2024-05-23 23:27:46 INFO     Opening Website
2024-05-23 23:27:50 INFO     Searching search-button
2024-05-23 23:27:50 INFO     Waiting input to write search
2024-05-23 23:27:51 INFO     Writing input
2024-05-23 23:27:51 INFO     Doing the search
2024-05-23 23:27:51 INFO     Waiting the search
2024-05-23 23:27:51 INFO     Catching the information
2024-05-23 23:27:52 INFO     importing information
2024-05-23 23:27:54 INFO     Duration: 12.073969
2024-05-23 23:27:54 INFO     Finished
2024-05-23 23:34:55 INFO     Started
2024-05-23 23:34:59 INFO     Opening Website
2024-05-23 23:35:04 INFO     Searching search-button
2024-05-23 23:35:04 INFO     Waiting input to write search
2024-05-23 23:35:05 INFO     Writing input
2024-05-23 23:35:05 INFO     Doing the search
2024-05-23 23:35:05 INFO     Waiting the search
2024-05-23 23:35:15 INFO     Catching the information
2024-05-23 23:35:16 INFO     importing information
2024-05-23 23:35:18 INFO     Duration: 23.101889
2024-05-23 23:35:18 INFO     Finished
2024-05-23 23:35:55 INFO     Started
2024-05-23 23:35:59 INFO     Opening Website
2024-05-23 23:36:02 INFO     Searching search-button
2024-05-23 23:36:02 INFO     Waiting input to write search
2024-05-23 23:36:03 INFO     Writing input
2024-05-23 23:36:03 INFO     Doing the search
2024-05-23 23:36:03 INFO     Waiting the search
2024-05-23 23:36:03 INFO     Catching the information
2024-05-23 23:36:04 INFO     importing information
2024-05-23 23:36:06 INFO     Duration: 10.777593
2024-05-23 23:36:06 INFO     Finished
2024-05-23 23:36:57 INFO     Started
2024-05-23 23:37:01 INFO     Opening Website
2024-05-23 23:37:05 INFO     Searching search-button
2024-05-23 23:37:05 INFO     Waiting input to write search
2024-05-23 23:37:05 INFO     Writing input
2024-05-23 23:37:05 INFO     Doing the search
2024-05-23 23:37:05 INFO     Waiting the search
2024-05-23 23:37:13 INFO     Catching the information
2024-05-23 23:37:14 INFO     importing information
2024-05-23 23:37:16 INFO     Duration: 19.124210
2024-05-23 23:37:16 INFO     Finished
2024-05-23 23:37:58 INFO     Started
2024-05-23 23:38:02 INFO     Opening Website
2024-05-23 23:38:07 INFO     Searching search-button
2024-05-23 23:38:07 INFO     Waiting input to write search
2024-05-23 23:38:08 INFO     Writing input
2024-05-23 23:38:08 INFO     Doing the search
2024-05-23 23:38:08 INFO     Waiting the search
2024-05-23 23:38:08 INFO     Catching the information
2024-05-23 23:38:09 INFO     importing information
2024-05-23 23:38:11 INFO     Duration: 12.932710
2024-05-23 23:38:11 INFO     Finished
2024-05-23 23:39:17 INFO     Started
2024-05-23 23:39:21 INFO     Opening Website
2024-05-23 23:39:24 INFO     Searching search-button
2024-05-23 23:39:24 INFO     Waiting input to write search
2024-05-23 23:39:25 INFO     Writing input
2024-05-23 23:39:25 INFO     Doing the search
2024-05-23 23:39:25 INFO     Waiting the search
2024-05-23 23:39:31 INFO     Catching the information
2024-05-23 23:39:32 INFO     importing information
2024-05-23 23:39:34 INFO     Duration: 17.312444
2024-05-23 23:39:34 INFO     Finished
2024-05-23 23:39:43 INFO     Started
2024-05-23 23:39:48 INFO     Opening Website
2024-05-23 23:39:52 INFO     Searching search-button
2024-05-23 23:39:52 INFO     Waiting input to write search
2024-05-23 23:39:52 INFO     Writing input
2024-05-23 23:39:52 INFO     Doing the search
2024-05-23 23:39:52 INFO     Waiting the search
2024-05-23 23:39:53 INFO     Catching the information
2024-05-23 23:39:53 INFO     importing information
2024-05-23 23:39:55 INFO     Duration: 11.933154
2024-05-23 23:39:55 INFO     Finished
2024-05-23 23:44:31 INFO     Started
2024-05-23 23:44:36 INFO     Opening Website
2024-05-23 23:44:39 INFO     Searching search-button
2024-05-23 23:44:39 INFO     Waiting input to write search
2024-05-23 23:44:40 INFO     Writing input
2024-05-23 23:44:40 INFO     Doing the search
2024-05-23 23:44:40 INFO     Waiting the search
2024-05-23 23:44:50 INFO     Catching the information
2024-05-23 23:44:51 INFO     importing information
2024-05-23 23:44:53 INFO     Duration: 21.605359
2024-05-23 23:44:53 INFO     Finished
2024-05-23 23:46:17 INFO     Started
2024-05-23 23:46:22 INFO     Opening Website
2024-05-23 23:46:22 INFO     Searching search-button
2024-05-23 23:46:26 INFO     Waiting input to write search
2024-05-23 23:46:26 INFO     Writing input
2024-05-23 23:46:26 INFO     Doing the search
2024-05-23 23:46:26 INFO     Waiting the search
2024-05-23 23:46:34 INFO     Catching the information
2024-05-23 23:46:34 INFO     importing information
2024-05-23 23:46:37 INFO     Duration: 19.077930
2024-05-23 23:46:37 INFO     Finished
